Using pre-set license
Built from '2021.1/staging' branch; Version is '2021.1.22f1 (a137e5fb0427) revision 10565605'; Using compiler version '192528614'; Build Type 'Release'
OS: 'Windows 10 Pro; OS build 19045.3208; Version 2009; 64bit' Language: 'en' Physical Memory: 16118 MB
BatchMode: 1, IsHumanControllingUs: 0, StartBugReporterOnCrash: 0, Is64bit: 1, IsPro: 0

COMMAND LINE ARGUMENTS:
C:\Program Files\Unity\Hub\Editor\2021.1.22f1\Editor\Unity.exe
-adb2
-batchMode
-noUpm
-name
AssetImportWorker0
-projectPath
C:/Users/RGiangregorio/Documents/Coursera/Intermediate Object-oriented Programming for Unity Games/Assignment-3/unity materials/ProgrammingAssignment3
-logFile
Logs/AssetImportWorker0.log
-srvPort
57293
Successfully changed project path to: C:/Users/RGiangregorio/Documents/Coursera/Intermediate Object-oriented Programming for Unity Games/Assignment-3/unity materials/ProgrammingAssignment3
C:/Users/RGiangregorio/Documents/Coursera/Intermediate Object-oriented Programming for Unity Games/Assignment-3/unity materials/ProgrammingAssignment3
Using Asset Import Pipeline V2.
Refreshing native plugins compatible for Editor in 14.67 ms, found 0 plugins.
Preloading 0 native plugins for Editor in 0.00 ms.
Initialize engine version: 2021.1.22f1 (a137e5fb0427)
[Subsystems] Discovering subsystems at path C:/Program Files/Unity/Hub/Editor/2021.1.22f1/Editor/Data/Resources/UnitySubsystems
[Subsystems] Discovering subsystems at path C:/Users/RGiangregorio/Documents/Coursera/Intermediate Object-oriented Programming for Unity Games/Assignment-3/unity materials/ProgrammingAssignment3/Assets
GfxDevice: creating device client; threaded=0; jobified=0
Direct3D:
    Version:  Direct3D 11.0 [level 11.1]
    Renderer: Intel(R) HD Graphics 5500 (ID=0x1616)
    Vendor:   Intel
    VRAM:     8059 MB
    Driver:   20.19.15.5144
Initialize mono
Mono path[0] = 'C:/Program Files/Unity/Hub/Editor/2021.1.22f1/Editor/Data/Managed'
Mono path[1] = 'C:/Program Files/Unity/Hub/Editor/2021.1.22f1/Editor/Data/MonoBleedingEdge/lib/mono/unityjit'
Mono config path = 'C:/Program Files/Unity/Hub/Editor/2021.1.22f1/Editor/Data/MonoBleedingEdge/etc'
Using monoOptions --debugger-agent=transport=dt_socket,embedding=1,server=y,suspend=n,address=127.0.0.1:56744
Begin MonoManager ReloadAssembly
Registering precompiled unity dll's ...
Register platform support module: C:/Program Files/Unity/Hub/Editor/2021.1.22f1/Editor/Data/PlaybackEngines/WindowsStandaloneSupport/UnityEditor.WindowsStandalone.Extensions.dll
Registered in 0.003582 seconds.
Native extension for WindowsStandalone target not found
Refreshing native plugins compatible for Editor in 9.83 ms, found 0 plugins.
Preloading 0 native plugins for Editor in 0.00 ms.
Mono: successfully reloaded assembly
- Completed reload, in  2.244 seconds
Domain Reload Profiling:
	ReloadAssembly (2244ms)
		BeginReloadAssembly (135ms)
			ExecutionOrderSort (0ms)
			DisableScriptedObjects (0ms)
			BackupInstance (0ms)
			ReleaseScriptingObjects (0ms)
			CreateAndSetChildDomain (1ms)
		EndReloadAssembly (791ms)
			LoadAssemblies (130ms)
			RebuildTransferFunctionScriptingTraits (0ms)
			SetupTypeCache (345ms)
			ReleaseScriptCaches (0ms)
			RebuildScriptCaches (63ms)
			SetupLoadedEditorAssemblies (293ms)
				LogAssemblyErrors (0ms)
				InitializePlatformSupportModulesInManaged (12ms)
				SetLoadedEditorAssemblies (0ms)
				RefreshPlugins (10ms)
				BeforeProcessingInitializeOnLoad (3ms)
				ProcessInitializeOnLoadAttributes (207ms)
				ProcessInitializeOnLoadMethodAttributes (60ms)
				AfterProcessingInitializeOnLoad (0ms)
				EditorAssembliesLoaded (0ms)
			ExecutionOrderSort2 (0ms)
			AwakeInstancesAfterBackupRestoration (0ms)
Platform modules already initialized, skipping
Registering precompiled user dll's ...
Registered in 0.001068 seconds.
Begin MonoManager ReloadAssembly
Native extension for WindowsStandalone target not found
Refreshing native plugins compatible for Editor in 0.19 ms, found 0 plugins.
Preloading 0 native plugins for Editor in 0.00 ms.
Mono: successfully reloaded assembly
- Completed reload, in  2.024 seconds
Domain Reload Profiling:
	ReloadAssembly (2025ms)
		BeginReloadAssembly (316ms)
			ExecutionOrderSort (0ms)
			DisableScriptedObjects (10ms)
			BackupInstance (0ms)
			ReleaseScriptingObjects (0ms)
			CreateAndSetChildDomain (34ms)
		EndReloadAssembly (1589ms)
			LoadAssemblies (171ms)
			RebuildTransferFunctionScriptingTraits (0ms)
			SetupTypeCache (363ms)
			ReleaseScriptCaches (0ms)
			RebuildScriptCaches (59ms)
			SetupLoadedEditorAssemblies (574ms)
				LogAssemblyErrors (0ms)
				InitializePlatformSupportModulesInManaged (26ms)
				SetLoadedEditorAssemblies (3ms)
				RefreshPlugins (0ms)
				BeforeProcessingInitializeOnLoad (153ms)
				ProcessInitializeOnLoadAttributes (349ms)
				ProcessInitializeOnLoadMethodAttributes (16ms)
				AfterProcessingInitializeOnLoad (27ms)
				EditorAssembliesLoaded (1ms)
			ExecutionOrderSort2 (0ms)
			AwakeInstancesAfterBackupRestoration (116ms)
Platform modules already initialized, skipping
========================================================================
Worker process is ready to serve import requests
Launched and connected shader compiler UnityShaderCompiler.exe after 0.14 seconds
Refreshing native plugins compatible for Editor in 0.15 ms, found 0 plugins.
Preloading 0 native plugins for Editor in 0.00 ms.
Unloading 321 Unused Serialized files (Serialized files now loaded: 0)
System memory in use before: 32.7 MB.
System memory in use after: 32.7 MB.

Unloading 8 unused Assets to reduce memory usage. Loaded Objects now: 775.
Total: 5.966600 ms (FindLiveObjects: 0.150000 ms CreateObjectMapping: 0.061300 ms MarkObjects: 5.645400 ms  DeleteObjects: 0.107400 ms)

AssetImportParameters requested are different than current active one (requested -> active):
  custom:framework-win-MediaFoundation: 216162199b28c13a410421893ffa2e32 -> 
  custom:video-decoder-ogg-theora: a1e56fd34408186e4bbccfd4996cb3dc -> 
  custom:container-muxer-webm: aa71ff27fc2769a1b78a27578f13a17b -> 
  custom:container-demuxer-webm: 4f35f7cbe854078d1ac9338744f61a02 -> 
  custom:container-demuxer-ogg: 62fdf1f143b41e24485cea50d1cbac27 -> 
  custom:video-encoder-webm-vp8: eb34c28f22e8b96e1ab97ce403110664 -> 
  custom:video-decoder-webm-vp8: 9c59270c3fd7afecdb556c50c9e8de78 -> 
  custom:audio-decoder-ogg-vorbis: bf7c407c2cedff20999df2af8eb42d56 -> 
  custom:audio-encoder-webm-vorbis: bf7c407c2cedff20999df2af8eb42d56 -> 
========================================================================
Received Import Request.
  path: Assets/Scripts/EventManager.cs
  artifactKey: Guid(1d293c8bc8afccc4995e18892552503c) Importer(815301076,1909f56bfc062723c751e8b465ee728b)
Start importing Assets/Scripts/EventManager.cs using Guid(1d293c8bc8afccc4995e18892552503c) Importer(815301076,1909f56bfc062723c751e8b465ee728b)  -> (artifact id: '2a06529b6ddfa2000ce9183a177788a7') in 0.107308 seconds 
========================================================================
Received Prepare
Refreshing native plugins compatible for Editor in 3.54 ms, found 0 plugins.
Preloading 0 native plugins for Editor in 0.00 ms.
Unloading 2 Unused Serialized files (Serialized files now loaded: 0)
System memory in use before: 25.9 MB.
System memory in use after: 26.0 MB.

Unloading 2 unused Assets to reduce memory usage. Loaded Objects now: 775.
Total: 8.222400 ms (FindLiveObjects: 0.144600 ms CreateObjectMapping: 0.046900 ms MarkObjects: 8.001100 ms  DeleteObjects: 0.026800 ms)

AssetImportParameters requested are different than current active one (requested -> active):
  custom:framework-win-MediaFoundation: 216162199b28c13a410421893ffa2e32 -> 
  custom:video-decoder-ogg-theora: a1e56fd34408186e4bbccfd4996cb3dc -> 
  custom:container-muxer-webm: aa71ff27fc2769a1b78a27578f13a17b -> 
  custom:container-demuxer-webm: 4f35f7cbe854078d1ac9338744f61a02 -> 
  custom:container-demuxer-ogg: 62fdf1f143b41e24485cea50d1cbac27 -> 
  custom:video-encoder-webm-vp8: eb34c28f22e8b96e1ab97ce403110664 -> 
  custom:video-decoder-webm-vp8: 9c59270c3fd7afecdb556c50c9e8de78 -> 
  custom:audio-decoder-ogg-vorbis: bf7c407c2cedff20999df2af8eb42d56 -> 
  custom:audio-encoder-webm-vorbis: bf7c407c2cedff20999df2af8eb42d56 -> 
========================================================================
Received Import Request.
  Time since last request: 19.550292 seconds.
  path: Assets/Scripts/Invoker.cs
  artifactKey: Guid(3439195cb5ae84e4da4b84dbde9c6c39) Importer(815301076,1909f56bfc062723c751e8b465ee728b)
Start importing Assets/Scripts/Invoker.cs using Guid(3439195cb5ae84e4da4b84dbde9c6c39) Importer(815301076,1909f56bfc062723c751e8b465ee728b)  -> (artifact id: '5747ebbd557ae818c2415911ab90f022') in 0.036930 seconds 
========================================================================
Received Import Request.
  Time since last request: 9.850546 seconds.
  path: Assets/Scripts/Listener.cs
  artifactKey: Guid(df6637aa432bdbc4b807a7360e538cce) Importer(815301076,1909f56bfc062723c751e8b465ee728b)
Start importing Assets/Scripts/Listener.cs using Guid(df6637aa432bdbc4b807a7360e538cce) Importer(815301076,1909f56bfc062723c751e8b465ee728b)  -> (artifact id: '6b4be3ed694489230da80a946953bd79') in 0.458516 seconds 
========================================================================
Received Import Request.
  Time since last request: 5.416935 seconds.
  path: Assets/Scripts/Timer.cs
  artifactKey: Guid(88eee7438ac2e064895831d848cdb886) Importer(815301076,1909f56bfc062723c751e8b465ee728b)
Start importing Assets/Scripts/Timer.cs using Guid(88eee7438ac2e064895831d848cdb886) Importer(815301076,1909f56bfc062723c751e8b465ee728b)  -> (artifact id: '243919f714aac17a9eaf930c9ed89631') in 0.031673 seconds 
========================================================================
Received Import Request.
  Time since last request: 140620.682440 seconds.
  path: Assets/Scripts
  artifactKey: Guid(eb22a97b70d0c6149bea62d490bd84ce) Importer(815301076,1909f56bfc062723c751e8b465ee728b)
Start importing Assets/Scripts using Guid(eb22a97b70d0c6149bea62d490bd84ce) Importer(815301076,1909f56bfc062723c751e8b465ee728b)  -> (artifact id: '69891826ac8bd68a9a2b607cfd5addba') in 0.031784 seconds 
========================================================================
Received Import Request.
  Time since last request: 4.992712 seconds.
  path: Assets/Scripts/MessageEvent.cs
  artifactKey: Guid(0be1521229f49a54ba19aad9582ca770) Importer(815301076,1909f56bfc062723c751e8b465ee728b)
Start importing Assets/Scripts/MessageEvent.cs using Guid(0be1521229f49a54ba19aad9582ca770) Importer(815301076,1909f56bfc062723c751e8b465ee728b)  -> (artifact id: '60e15f81b71fdb124c75959112b0b822') in 0.040092 seconds 
========================================================================
Received Prepare
Registering precompiled user dll's ...
Registered in 0.003346 seconds.
Begin MonoManager ReloadAssembly
Native extension for WindowsStandalone target not found
Refreshing native plugins compatible for Editor in 0.17 ms, found 0 plugins.
Preloading 0 native plugins for Editor in 0.00 ms.
Mono: successfully reloaded assembly
- Completed reload, in  1.589 seconds
Domain Reload Profiling:
	ReloadAssembly (1589ms)
		BeginReloadAssembly (259ms)
			ExecutionOrderSort (0ms)
			DisableScriptedObjects (10ms)
			BackupInstance (0ms)
			ReleaseScriptingObjects (0ms)
			CreateAndSetChildDomain (57ms)
		EndReloadAssembly (1206ms)
			LoadAssemblies (193ms)
			RebuildTransferFunctionScriptingTraits (0ms)
			SetupTypeCache (455ms)
			ReleaseScriptCaches (0ms)
			RebuildScriptCaches (71ms)
			SetupLoadedEditorAssemblies (305ms)
				LogAssemblyErrors (0ms)
				InitializePlatformSupportModulesInManaged (9ms)
				SetLoadedEditorAssemblies (1ms)
				RefreshPlugins (0ms)
				BeforeProcessingInitializeOnLoad (60ms)
				ProcessInitializeOnLoadAttributes (209ms)
				ProcessInitializeOnLoadMethodAttributes (11ms)
				AfterProcessingInitializeOnLoad (14ms)
				EditorAssembliesLoaded (0ms)
			ExecutionOrderSort2 (0ms)
			AwakeInstancesAfterBackupRestoration (15ms)
Platform modules already initialized, skipping
Refreshing native plugins compatible for Editor in 0.16 ms, found 0 plugins.
Preloading 0 native plugins for Editor in 0.00 ms.
Unloading 317 Unused Serialized files (Serialized files now loaded: 0)
System memory in use before: 32.6 MB.
System memory in use after: 32.6 MB.

Unloading 4 unused Assets to reduce memory usage. Loaded Objects now: 778.
Total: 5.004800 ms (FindLiveObjects: 0.119900 ms CreateObjectMapping: 0.029400 ms MarkObjects: 4.813800 ms  DeleteObjects: 0.038700 ms)

AssetImportParameters requested are different than current active one (requested -> active):
  custom:framework-win-MediaFoundation: 216162199b28c13a410421893ffa2e32 -> 
  custom:video-decoder-ogg-theora: a1e56fd34408186e4bbccfd4996cb3dc -> 
  custom:container-muxer-webm: aa71ff27fc2769a1b78a27578f13a17b -> 
  custom:container-demuxer-webm: 4f35f7cbe854078d1ac9338744f61a02 -> 
  custom:container-demuxer-ogg: 62fdf1f143b41e24485cea50d1cbac27 -> 
  custom:video-encoder-webm-vp8: eb34c28f22e8b96e1ab97ce403110664 -> 
  custom:video-decoder-webm-vp8: 9c59270c3fd7afecdb556c50c9e8de78 -> 
  custom:audio-decoder-ogg-vorbis: bf7c407c2cedff20999df2af8eb42d56 -> 
  custom:audio-encoder-webm-vorbis: bf7c407c2cedff20999df2af8eb42d56 -> 
========================================================================
Received Import Request.
  Time since last request: 34.668043 seconds.
  path: Assets/Scripts/CountMessageEvent.cs
  artifactKey: Guid(d3b2432c255f18240836994aaee9327c) Importer(815301076,1909f56bfc062723c751e8b465ee728b)
Start importing Assets/Scripts/CountMessageEvent.cs using Guid(d3b2432c255f18240836994aaee9327c) Importer(815301076,1909f56bfc062723c751e8b465ee728b)  -> (artifact id: 'e4d77038bce232b00722ea2ab40bc012') in 0.042796 seconds 
========================================================================
Received Prepare
Registering precompiled user dll's ...
Registered in 0.000983 seconds.
Begin MonoManager ReloadAssembly
Native extension for WindowsStandalone target not found
Refreshing native plugins compatible for Editor in 0.11 ms, found 0 plugins.
Preloading 0 native plugins for Editor in 0.00 ms.
Mono: successfully reloaded assembly
- Completed reload, in  1.687 seconds
Domain Reload Profiling:
	ReloadAssembly (1687ms)
		BeginReloadAssembly (222ms)
			ExecutionOrderSort (0ms)
			DisableScriptedObjects (14ms)
			BackupInstance (0ms)
			ReleaseScriptingObjects (0ms)
			CreateAndSetChildDomain (42ms)
		EndReloadAssembly (1335ms)
			LoadAssemblies (192ms)
			RebuildTransferFunctionScriptingTraits (0ms)
			SetupTypeCache (505ms)
			ReleaseScriptCaches (1ms)
			RebuildScriptCaches (75ms)
			SetupLoadedEditorAssemblies (309ms)
				LogAssemblyErrors (0ms)
				InitializePlatformSupportModulesInManaged (11ms)
				SetLoadedEditorAssemblies (1ms)
				RefreshPlugins (0ms)
				BeforeProcessingInitializeOnLoad (59ms)
				ProcessInitializeOnLoadAttributes (212ms)
				ProcessInitializeOnLoadMethodAttributes (11ms)
				AfterProcessingInitializeOnLoad (14ms)
				EditorAssembliesLoaded (1ms)
			ExecutionOrderSort2 (0ms)
			AwakeInstancesAfterBackupRestoration (16ms)
Platform modules already initialized, skipping
Refreshing native plugins compatible for Editor in 0.17 ms, found 0 plugins.
Preloading 0 native plugins for Editor in 0.00 ms.
Unloading 318 Unused Serialized files (Serialized files now loaded: 0)
System memory in use before: 32.6 MB.
System memory in use after: 32.7 MB.

Unloading 4 unused Assets to reduce memory usage. Loaded Objects now: 781.
Total: 5.380400 ms (FindLiveObjects: 0.153600 ms CreateObjectMapping: 0.044300 ms MarkObjects: 5.159700 ms  DeleteObjects: 0.020200 ms)

AssetImportParameters requested are different than current active one (requested -> active):
  custom:framework-win-MediaFoundation: 216162199b28c13a410421893ffa2e32 -> 
  custom:video-decoder-ogg-theora: a1e56fd34408186e4bbccfd4996cb3dc -> 
  custom:container-muxer-webm: aa71ff27fc2769a1b78a27578f13a17b -> 
  custom:container-demuxer-webm: 4f35f7cbe854078d1ac9338744f61a02 -> 
  custom:container-demuxer-ogg: 62fdf1f143b41e24485cea50d1cbac27 -> 
  custom:video-encoder-webm-vp8: eb34c28f22e8b96e1ab97ce403110664 -> 
  custom:video-decoder-webm-vp8: 9c59270c3fd7afecdb556c50c9e8de78 -> 
  custom:audio-decoder-ogg-vorbis: bf7c407c2cedff20999df2af8eb42d56 -> 
  custom:audio-encoder-webm-vorbis: bf7c407c2cedff20999df2af8eb42d56 -> 
========================================================================
Received Import Request.
  Time since last request: 114.536179 seconds.
  path: Assets/Scripts/MessageEvent.cs
  artifactKey: Guid(0be1521229f49a54ba19aad9582ca770) Importer(815301076,1909f56bfc062723c751e8b465ee728b)
Start importing Assets/Scripts/MessageEvent.cs using Guid(0be1521229f49a54ba19aad9582ca770) Importer(815301076,1909f56bfc062723c751e8b465ee728b)  -> (artifact id: 'aeafc2c3bfad89a789c9700d33accab2') in 0.043402 seconds 
========================================================================
Received Import Request.
  Time since last request: 29.326425 seconds.
  path: Assets/Scripts/CountMessageEvent.cs
  artifactKey: Guid(d3b2432c255f18240836994aaee9327c) Importer(815301076,1909f56bfc062723c751e8b465ee728b)
Start importing Assets/Scripts/CountMessageEvent.cs using Guid(d3b2432c255f18240836994aaee9327c) Importer(815301076,1909f56bfc062723c751e8b465ee728b)  -> (artifact id: '232a78f2cb1c3692960c2c2844dc4352') in 0.021731 seconds 
========================================================================
Received Prepare
Registering precompiled user dll's ...
Registered in 0.001068 seconds.
Begin MonoManager ReloadAssembly
Native extension for WindowsStandalone target not found
Refreshing native plugins compatible for Editor in 0.12 ms, found 0 plugins.
Preloading 0 native plugins for Editor in 0.00 ms.
Mono: successfully reloaded assembly
- Completed reload, in  1.574 seconds
Domain Reload Profiling:
	ReloadAssembly (1575ms)
		BeginReloadAssembly (265ms)
			ExecutionOrderSort (0ms)
			DisableScriptedObjects (12ms)
			BackupInstance (0ms)
			ReleaseScriptingObjects (0ms)
			CreateAndSetChildDomain (72ms)
		EndReloadAssembly (1180ms)
			LoadAssemblies (192ms)
			RebuildTransferFunctionScriptingTraits (0ms)
			SetupTypeCache (399ms)
			ReleaseScriptCaches (0ms)
			RebuildScriptCaches (60ms)
			SetupLoadedEditorAssemblies (325ms)
				LogAssemblyErrors (0ms)
				InitializePlatformSupportModulesInManaged (10ms)
				SetLoadedEditorAssemblies (1ms)
				RefreshPlugins (0ms)
				BeforeProcessingInitializeOnLoad (64ms)
				ProcessInitializeOnLoadAttributes (227ms)
				ProcessInitializeOnLoadMethodAttributes (10ms)
				AfterProcessingInitializeOnLoad (13ms)
				EditorAssembliesLoaded (0ms)
			ExecutionOrderSort2 (0ms)
			AwakeInstancesAfterBackupRestoration (14ms)
Platform modules already initialized, skipping
Refreshing native plugins compatible for Editor in 2.02 ms, found 0 plugins.
Preloading 0 native plugins for Editor in 0.00 ms.
Unloading 318 Unused Serialized files (Serialized files now loaded: 0)
System memory in use before: 32.6 MB.
System memory in use after: 32.7 MB.

Unloading 4 unused Assets to reduce memory usage. Loaded Objects now: 783.
Total: 6.353900 ms (FindLiveObjects: 0.131200 ms CreateObjectMapping: 0.030700 ms MarkObjects: 6.152100 ms  DeleteObjects: 0.037200 ms)

AssetImportParameters requested are different than current active one (requested -> active):
  custom:framework-win-MediaFoundation: 216162199b28c13a410421893ffa2e32 -> 
  custom:video-decoder-ogg-theora: a1e56fd34408186e4bbccfd4996cb3dc -> 
  custom:container-muxer-webm: aa71ff27fc2769a1b78a27578f13a17b -> 
  custom:container-demuxer-webm: 4f35f7cbe854078d1ac9338744f61a02 -> 
  custom:container-demuxer-ogg: 62fdf1f143b41e24485cea50d1cbac27 -> 
  custom:video-encoder-webm-vp8: eb34c28f22e8b96e1ab97ce403110664 -> 
  custom:video-decoder-webm-vp8: 9c59270c3fd7afecdb556c50c9e8de78 -> 
  custom:audio-decoder-ogg-vorbis: bf7c407c2cedff20999df2af8eb42d56 -> 
  custom:audio-encoder-webm-vorbis: bf7c407c2cedff20999df2af8eb42d56 -> 
========================================================================
Received Import Request.
  Time since last request: 24114.370195 seconds.
  path: Assets/Scripts/CountMessageEvent.cs
  artifactKey: Guid(d3b2432c255f18240836994aaee9327c) Importer(815301076,1909f56bfc062723c751e8b465ee728b)
Start importing Assets/Scripts/CountMessageEvent.cs using Guid(d3b2432c255f18240836994aaee9327c) Importer(815301076,1909f56bfc062723c751e8b465ee728b)  -> (artifact id: 'dc317c10c3d040207876e334112ce78c') in 0.020009 seconds 
========================================================================
Received Import Request.
  Time since last request: 0.655882 seconds.
  path: Assets/Scripts/EventManager.cs
  artifactKey: Guid(1d293c8bc8afccc4995e18892552503c) Importer(815301076,1909f56bfc062723c751e8b465ee728b)
Start importing Assets/Scripts/EventManager.cs using Guid(1d293c8bc8afccc4995e18892552503c) Importer(815301076,1909f56bfc062723c751e8b465ee728b)  -> (artifact id: '3c424ebdb6e39c36804cfde1bdfa13f9') in 0.043021 seconds 
========================================================================
Received Import Request.
  Time since last request: 3.757419 seconds.
  path: Assets/Scripts/Invoker.cs
  artifactKey: Guid(3439195cb5ae84e4da4b84dbde9c6c39) Importer(815301076,1909f56bfc062723c751e8b465ee728b)
Start importing Assets/Scripts/Invoker.cs using Guid(3439195cb5ae84e4da4b84dbde9c6c39) Importer(815301076,1909f56bfc062723c751e8b465ee728b)  -> (artifact id: 'f8383aface900eaab1188c5401f3408c') in 0.026131 seconds 
========================================================================
Received Import Request.
  Time since last request: 1.352247 seconds.
  path: Assets/Scripts/Listener.cs
  artifactKey: Guid(df6637aa432bdbc4b807a7360e538cce) Importer(815301076,1909f56bfc062723c751e8b465ee728b)
Start importing Assets/Scripts/Listener.cs using Guid(df6637aa432bdbc4b807a7360e538cce) Importer(815301076,1909f56bfc062723c751e8b465ee728b)  -> (artifact id: '1f5c8a1968d5f257fd52e8e6eb22eee9') in 0.025604 seconds 
========================================================================
Received Import Request.
  Time since last request: 1.737726 seconds.
  path: Assets/Scripts/MessageEvent.cs
  artifactKey: Guid(0be1521229f49a54ba19aad9582ca770) Importer(815301076,1909f56bfc062723c751e8b465ee728b)
Start importing Assets/Scripts/MessageEvent.cs using Guid(0be1521229f49a54ba19aad9582ca770) Importer(815301076,1909f56bfc062723c751e8b465ee728b)  -> (artifact id: '647a3d6b1d70e3bde4c2be54e9d14c25') in 0.029449 seconds 
AssetImportWorkerClient::OnTransportError - code=2 error=End of file
